22 frames per model

=== OpenVLA-7B ===
arm                 trans L2 (m)            trans cos   rot L2 (rad)            grip flip
C: jpeg95 floor     0.00072 ±0.00103     0.967     0.00664 ±0.00776     0.0%
P: photometric      0.00245 ±0.00095     0.849     0.01447 ±0.00644     2.3%
S: bg restyle       0.00607 ±0.00311     0.796     0.02630 ±0.01086     1.1%
G: geometry         0.00891 ±0.00278     0.547     0.03672 ±0.00894     7.6%
T: temporal (t+3)   0.01636 ±0.00821     0.108     0.05073 ±0.01476     22.7%
|t| of original predictions: mean 0.01224 m, median 0.00932 m

=== SpatialVLA-4B ===
arm                 trans L2 (m)            trans cos   rot L2 (rad)            grip flip
C: jpeg95 floor     0.00063 ±0.00110     0.974     0.00582 ±0.00835     0.0%
P: photometric      0.00342 ±0.00218     0.906     0.02248 ±0.01119     4.5%
S: bg restyle       0.00637 ±0.00287     0.805     0.03574 ±0.01211     3.4%
G: geometry         0.00861 ±0.00375     0.672     0.04403 ±0.01611     12.1%
T: temporal (t+3)   0.02378 ±0.00857     -0.346     0.06923 ±0.02111     22.7%
|t| of original predictions: mean 0.01530 m, median 0.01148 m

=== Key within-model ratios (translation L2, per-frame paired) ===
OpenVLA-7B    P/G = 0.28 (median per-frame 0.31, n=22)   P/T = 0.15   frames P>G: 0%   wilcoxon p=0.0000
OpenVLA-7B    S/G = 0.68 (median per-frame 0.57, n=22)   S/T = 0.37   frames S>G: 14%   wilcoxon p=0.0059
SpatialVLA-4B P/G = 0.40 (median per-frame 0.13, n=19)   P/T = 0.14   frames P>G: 23%   wilcoxon p=0.0012
SpatialVLA-4B S/G = 0.74 (median per-frame 0.69, n=19)   S/T = 0.27   frames S>G: 23%   wilcoxon p=0.0355

=== Cross-model: per-frame paired differences (OpenVLA - SpatialVLA) ===
P/G ratio (n=19):  mean diff -0.132  median +0.021  SpatialVLA lower in 53% of frames  wilcoxon p=0.5678
P idx (A-G)/(A+G) (n=21):  OV -0.566  SV -0.386  SpatialVLA lower in 48%  wilcoxon p=0.3554
S/G ratio (n=19):  mean diff -0.266  median -0.098  SpatialVLA lower in 42% of frames  wilcoxon p=0.4204
S idx (A-G)/(A+G) (n=21):  OV -0.358  SV -0.153  SpatialVLA lower in 38%  wilcoxon p=0.2180

=== Cross-model gripper flip rates ===
C: jpeg95 floor      openvla   0.0%   spatialvla   0.0%   wilcoxon p=nan
P: photometric       openvla   2.3%   spatialvla   4.5%   wilcoxon p=0.2423
S: bg restyle        openvla   1.1%   spatialvla   3.4%   wilcoxon p=0.3173
G: geometry          openvla   7.6%   spatialvla  12.1%   wilcoxon p=0.5951
T: temporal (t+3)    openvla  22.7%   spatialvla  22.7%   wilcoxon p=1.0000

=== Cross-model absolute trans L2 (paired per frame) ===
C: jpeg95 floor      openvla   0.72 mm   spatialvla   0.63 mm   wilcoxon p=0.7150
P: photometric       openvla   2.45 mm   spatialvla   3.42 mm   wilcoxon p=0.9493
S: bg restyle        openvla   6.07 mm   spatialvla   6.37 mm   wilcoxon p=0.9584
G: geometry          openvla   8.91 mm   spatialvla   8.61 mm   wilcoxon p=0.7990
T: temporal (t+3)    openvla  16.36 mm   spatialvla  23.78 mm   wilcoxon p=0.0029

plots saved
