440 predictions to run
/home/pairlab/miniconda3/envs/openvla/lib/python3.10/site-packages/huggingface_hub/file_download.py:949: FutureWarning: `resume_download` is deprecated and will be removed in version 1.0.0. Downloads always resume when possible. If you want to force a new download, use `force_download=True`.
  warnings.warn(
/home/pairlab/miniconda3/envs/openvla/lib/python3.10/site-packages/huggingface_hub/file_download.py:949: FutureWarning: `resume_download` is deprecated and will be removed in version 1.0.0. Downloads always resume when possible. If you want to force a new download, use `force_download=True`.
  warnings.warn(
Loading checkpoint shards:   0%|          | 0/3 [00:00<?, ?it/s]Loading checkpoint shards:  33%|███▎      | 1/3 [00:00<00:00,  8.52it/s]Loading checkpoint shards: 100%|██████████| 3/3 [00:00<00:00, 10.87it/s]Loading checkpoint shards: 100%|██████████| 3/3 [00:00<00:00, 10.57it/s]
/home/pairlab/miniconda3/envs/openvla/lib/python3.10/site-packages/huggingface_hub/file_download.py:949: FutureWarning: `resume_download` is deprecated and will be removed in version 1.0.0. Downloads always resume when possible. If you want to force a new download, use `force_download=True`.
  warnings.warn(
25/440  8s  (0.30s/pred)
50/440  15s  (0.30s/pred)
75/440  22s  (0.30s/pred)
100/440  30s  (0.30s/pred)
125/440  37s  (0.29s/pred)
150/440  44s  (0.29s/pred)
175/440  51s  (0.29s/pred)
200/440  59s  (0.29s/pred)
225/440  66s  (0.29s/pred)
250/440  73s  (0.29s/pred)
275/440  80s  (0.29s/pred)
300/440  88s  (0.29s/pred)
325/440  95s  (0.29s/pred)
350/440  102s  (0.29s/pred)
375/440  109s  (0.29s/pred)
400/440  117s  (0.29s/pred)
425/440  124s  (0.29s/pred)
saved 440 actions  total 128s
